[23:00:58] [ServerMain/INFO]: Building unoptimized datafixer
[23:00:59] [ServerMain/INFO]: Environment: authHost='https://authserver.mojang.com', accountsHost='https://api.mojang.com', sessionHost='https://sessionserver.mojang.com', servicesHost='https://api.minecraftservices.com', name='PROD'
[23:01:02] [ServerMain/INFO]: Loaded 7 recipes
[23:01:02] [Server thread/INFO]: Starting minecraft server version 1.19.3
[23:01:02] [Server thread/INFO]: Loading properties
[23:01:02] [Server thread/INFO]: This server is running CraftBukkit version 3669-Spigot-454acb7-f150cfb (MC: 1.19.3) (Implementing API version 1.19.3-R0.1-SNAPSHOT)
[23:01:02] [Server thread/INFO]: Debug logging is disabled
[23:01:03] [Server thread/INFO]: Server Ping Player Sample Count: 12
[23:01:03] [Server thread/INFO]: Using 4 threads for Netty based IO
[23:01:03] [Server thread/INFO]: Default game type: SURVIVAL
[23:01:03] [Server thread/INFO]: Generating keypair
[23:01:03] [Server thread/INFO]: Starting Minecraft server on *:25565
[23:01:03] [Server thread/INFO]: Using default channel type
[23:01:03] [Server thread/WARN]: Initializing Legacy Material Support. Unless you have legacy plugins and/or data this is a bug!
[23:01:07] [Server thread/WARN]: Legacy plugin SimpleTpa v6.1 does not specify an api-version.
[23:01:07] [Server thread/INFO]: [SimpleTpa] Loading SimpleTpa v6.1
[23:01:07] [Server thread/INFO]: [WorldEdit] Loading WorldEdit v7.2.12+6240-87f4ae1
[23:01:08] [Server thread/INFO]: Got request to register class com.sk89q.worldedit.bukkit.BukkitServerInterface with WorldEdit [com.sk89q.worldedit.extension.platform.PlatformManager@3f0ac5b0]
[23:01:08] [Server thread/INFO]: [Slimefun] Loading Slimefun vDEV - 1048 (git 157fe449)
[23:01:08] [Server thread/INFO]: [WorldGuard] Loading WorldGuard v7.0.7+216b061
[23:01:08] [Server thread/INFO]: [CoreProtect] Loading CoreProtect v21.2
[23:01:08] [Server thread/INFO]: [MythicMobs] Loading MythicMobs v5.2.1-fd1d0777
[23:01:08] [Server thread/INFO]: [LumineUtils] (io.lumine.mythic.bukkit.utils.) is bound to plugin MythicMobs - io.lumine.mythic.bukkit.MythicBukkit
[23:01:08] [Server thread/INFO]: [DeadlyDisasters] Loading DeadlyDisasters v10.3
[23:01:08] [Server thread/INFO]: [DeadChest] Loading DeadChest v4.12.1
[23:01:08] [Server thread/INFO]: [DeadChest] Worldguard support disabled by user
[23:01:08] [Server thread/INFO]: [EliteMobs] Loading EliteMobs v8.4.1
[23:01:08] [Server thread/INFO]: [EliteMobs] WorldGuard detected.
[23:01:08] [Server thread/INFO]: [EliteMobs] Enabling flags:
[23:01:08] [Server thread/INFO]: [EliteMobs] - elitemob-spawning
[23:01:08] [Server thread/INFO]: [EliteMobs] - elitemob-only-spawning
[23:01:08] [Server thread/INFO]: [EliteMobs] - elitemobs-antiexploit
[23:01:08] [Server thread/INFO]: [EliteMobs] - elitemobs-dungeon
[23:01:08] [Server thread/INFO]: [EliteMobs] - elitemobs-events
[23:01:08] [Server thread/INFO]: [EliteMobs] - elitemobs-minimum-level
[23:01:08] [Server thread/INFO]: [EliteMobs] - elitemobs-maximum-level
[23:01:08] [Server thread/INFO]: [EliteMobs] - elitemobs-explosion-regen
[23:01:08] [Server thread/INFO]: [BetterStructures] Loading BetterStructures v1.4.2
[23:01:08] [Server thread/INFO]: [BetterStructures] Enabling flags:
[23:01:08] [Server thread/INFO]: [BetteStructures] - betterstructures-protect
[23:01:08] [Server thread/INFO]: [WorldEdit] Enabling WorldEdit v7.2.12+6240-87f4ae1
[23:01:08] [Server thread/INFO]: Registering commands with com.sk89q.worldedit.bukkit.BukkitServerInterface
[23:01:08] [Server thread/INFO]: WEPIF: Using the Bukkit Permissions API.
[23:01:08] [Server thread/WARN]: 
**********************************************
** This WorldEdit version does not fully support your version of Bukkit.
**
** When working with blocks or undoing, chests will be empty, signs
** will be blank, and so on. There will be no support for entity
** and block property-related functions.
**
** Please see https://worldedit.enginehub.org/en/latest/faq/#bukkit-adapters
**********************************************

[23:01:09] [Server thread/INFO]: [WorldEdit] ====================================================
[23:01:09] [Server thread/INFO]: [WorldEdit]  WorldEdit works better if you use Paper 
[23:01:09] [Server thread/INFO]: [WorldEdit]  as your server software. 
[23:01:09] [Server thread/INFO]: [WorldEdit]   
[23:01:09] [Server thread/INFO]: [WorldEdit]  Paper offers significant performance improvements,
[23:01:09] [Server thread/INFO]: [WorldEdit]  bug fixes, security enhancements and optional
[23:01:09] [Server thread/INFO]: [WorldEdit]  features for server owners to enhance their server.
[23:01:09] [Server thread/INFO]: [WorldEdit]   
[23:01:09] [Server thread/INFO]: [WorldEdit]  Paper includes Timings v2, which is significantly
[23:01:09] [Server thread/INFO]: [WorldEdit]  better at diagnosing lag problems over v1.
[23:01:09] [Server thread/INFO]: [WorldEdit]   
[23:01:09] [Server thread/INFO]: [WorldEdit]  All of your plugins should still work, and the
[23:01:09] [Server thread/INFO]: [WorldEdit]  Paper community will gladly help you fix any issues.
[23:01:09] [Server thread/INFO]: [WorldEdit]   
[23:01:09] [Server thread/INFO]: [WorldEdit]  Join the Paper Community @ https://papermc.io
[23:01:09] [Server thread/INFO]: [WorldEdit] ====================================================
[23:01:09] [Server thread/INFO]: Preparing level "world"
[23:01:09] [Server thread/INFO]: -------- World Settings For [world] --------
[23:01:09] [Server thread/INFO]: Mob Spawn Range: 6
[23:01:09] [Server thread/INFO]: Experience Merge Radius: 3.0
[23:01:09] [Server thread/INFO]: Cactus Growth Modifier: 100%
[23:01:09] [Server thread/INFO]: Cane Growth Modifier: 100%
[23:01:09] [Server thread/INFO]: Melon Growth Modifier: 100%
[23:01:09] [Server thread/INFO]: Mushroom Growth Modifier: 100%
[23:01:09] [Server thread/INFO]: Pumpkin Growth Modifier: 100%
[23:01:09] [Server thread/INFO]: Sapling Growth Modifier: 100%
[23:01:09] [Server thread/INFO]: Beetroot Growth Modifier: 100%
[23:01:09] [Server thread/INFO]: Carrot Growth Modifier: 100%
[23:01:09] [Server thread/INFO]: Potato Growth Modifier: 100%
[23:01:09] [Server thread/INFO]: Wheat Growth Modifier: 100%
[23:01:09] [Server thread/INFO]: NetherWart Growth Modifier: 100%
[23:01:09] [Server thread/INFO]: Vine Growth Modifier: 100%
[23:01:09] [Server thread/INFO]: Cocoa Growth Modifier: 100%
[23:01:09] [Server thread/INFO]: Bamboo Growth Modifier: 100%
[23:01:09] [Server thread/INFO]: SweetBerry Growth Modifier: 100%
[23:01:09] [Server thread/INFO]: Kelp Growth Modifier: 100%
[23:01:09] [Server thread/INFO]: TwistingVines Growth Modifier: 100%
[23:01:09] [Server thread/INFO]: WeepingVines Growth Modifier: 100%
[23:01:09] [Server thread/INFO]: CaveVines Growth Modifier: 100%
[23:01:09] [Server thread/INFO]: Entity Activation Range: An 32 / Mo 32 / Ra 48 / Mi 16 / Tiv true / Isa false
[23:01:09] [Server thread/INFO]: Hopper Transfer: 8 Hopper Check: 1 Hopper Amount: 1 Hopper Can Load Chunks: false
[23:01:09] [Server thread/INFO]: Custom Map Seeds:  Village: 10387312 Desert: 14357617 Igloo: 14357618 Jungle: 14357619 Swamp: 14357620 Monument: 10387313 Ocean: 14357621 Shipwreck: 165745295 End City: 10387313 Slime: 987234911 Nether: 30084232 Mansion: 10387319 Fossil: 14357921 Portal: 34222645
[23:01:09] [Server thread/INFO]: Entity Tracking Range: Pl 48 / An 48 / Mo 48 / Mi 32 / Other 64
[23:01:09] [Server thread/INFO]: Max TNT Explosions: 100
[23:01:09] [Server thread/INFO]: Tile Max Tick Time: 50ms Entity max Tick Time: 50ms
[23:01:09] [Server thread/INFO]: Item Despawn Rate: 6000
[23:01:09] [Server thread/INFO]: Item Merge Radius: 2.5
[23:01:09] [Server thread/INFO]: View Distance: 10
[23:01:09] [Server thread/INFO]: Simulation Distance: 10
[23:01:09] [Server thread/INFO]: Arrow Despawn Rate: 1200 Trident Respawn Rate:1200
[23:01:09] [Server thread/INFO]: Allow Zombie Pigmen to spawn from portal blocks: true
[23:01:09] [Server thread/INFO]: Nerfing mobs spawned from spawners: false
[23:01:09] [Server thread/INFO]: Zombie Aggressive Towards Villager: true
[23:01:09] [Server thread/INFO]: -------- World Settings For [world_nether] --------
[23:01:09] [Server thread/INFO]: Mob Spawn Range: 6
[23:01:09] [Server thread/INFO]: Experience Merge Radius: 3.0
[23:01:09] [Server thread/INFO]: Cactus Growth Modifier: 100%
[23:01:09] [Server thread/INFO]: Cane Growth Modifier: 100%
[23:01:09] [Server thread/INFO]: Melon Growth Modifier: 100%
[23:01:09] [Server thread/INFO]: Mushroom Growth Modifier: 100%
[23:01:09] [Server thread/INFO]: Pumpkin Growth Modifier: 100%
[23:01:09] [Server thread/INFO]: Sapling Growth Modifier: 100%
[23:01:09] [Server thread/INFO]: Beetroot Growth Modifier: 100%
[23:01:09] [Server thread/INFO]: Carrot Growth Modifier: 100%
[23:01:09] [Server thread/INFO]: Potato Growth Modifier: 100%
[23:01:09] [Server thread/INFO]: Wheat Growth Modifier: 100%
[23:01:09] [Server thread/INFO]: NetherWart Growth Modifier: 100%
[23:01:09] [Server thread/INFO]: Vine Growth Modifier: 100%
[23:01:09] [Server thread/INFO]: Cocoa Growth Modifier: 100%
[23:01:09] [Server thread/INFO]: Bamboo Growth Modifier: 100%
[23:01:09] [Server thread/INFO]: SweetBerry Growth Modifier: 100%
[23:01:09] [Server thread/INFO]: Kelp Growth Modifier: 100%
[23:01:09] [Server thread/INFO]: TwistingVines Growth Modifier: 100%
[23:01:09] [Server thread/INFO]: WeepingVines Growth Modifier: 100%
[23:01:09] [Server thread/INFO]: CaveVines Growth Modifier: 100%
[23:01:09] [Server thread/INFO]: Entity Activation Range: An 32 / Mo 32 / Ra 48 / Mi 16 / Tiv true / Isa false
[23:01:09] [Server thread/INFO]: Hopper Transfer: 8 Hopper Check: 1 Hopper Amount: 1 Hopper Can Load Chunks: false
[23:01:09] [Server thread/INFO]: Custom Map Seeds:  Village: 10387312 Desert: 14357617 Igloo: 14357618 Jungle: 14357619 Swamp: 14357620 Monument: 10387313 Ocean: 14357621 Shipwreck: 165745295 End City: 10387313 Slime: 987234911 Nether: 30084232 Mansion: 10387319 Fossil: 14357921 Portal: 34222645
[23:01:09] [Server thread/INFO]: Entity Tracking Range: Pl 48 / An 48 / Mo 48 / Mi 32 / Other 64
[23:01:09] [Server thread/INFO]: Max TNT Explosions: 100
[23:01:09] [Server thread/INFO]: Tile Max Tick Time: 50ms Entity max Tick Time: 50ms
[23:01:09] [Server thread/INFO]: Item Despawn Rate: 6000
[23:01:09] [Server thread/INFO]: Item Merge Radius: 2.5
[23:01:09] [Server thread/INFO]: View Distance: 10
[23:01:09] [Server thread/INFO]: Simulation Distance: 10
[23:01:09] [Server thread/INFO]: Arrow Despawn Rate: 1200 Trident Respawn Rate:1200
[23:01:09] [Server thread/INFO]: Allow Zombie Pigmen to spawn from portal blocks: true
[23:01:09] [Server thread/INFO]: Nerfing mobs spawned from spawners: false
[23:01:09] [Server thread/INFO]: Zombie Aggressive Towards Villager: true
[23:01:10] [Server thread/INFO]: -------- World Settings For [world_the_end] --------
[23:01:10] [Server thread/INFO]: Mob Spawn Range: 6
[23:01:10] [Server thread/INFO]: Experience Merge Radius: 3.0
[23:01:10] [Server thread/INFO]: Cactus Growth Modifier: 100%
[23:01:10] [Server thread/INFO]: Cane Growth Modifier: 100%
[23:01:10] [Server thread/INFO]: Melon Growth Modifier: 100%
[23:01:10] [Server thread/INFO]: Mushroom Growth Modifier: 100%
[23:01:10] [Server thread/INFO]: Pumpkin Growth Modifier: 100%
[23:01:10] [Server thread/INFO]: Sapling Growth Modifier: 100%
[23:01:10] [Server thread/INFO]: Beetroot Growth Modifier: 100%
[23:01:10] [Server thread/INFO]: Carrot Growth Modifier: 100%
[23:01:10] [Server thread/INFO]: Potato Growth Modifier: 100%
[23:01:10] [Server thread/INFO]: Wheat Growth Modifier: 100%
[23:01:10] [Server thread/INFO]: NetherWart Growth Modifier: 100%
[23:01:10] [Server thread/INFO]: Vine Growth Modifier: 100%
[23:01:10] [Server thread/INFO]: Cocoa Growth Modifier: 100%
[23:01:10] [Server thread/INFO]: Bamboo Growth Modifier: 100%
[23:01:10] [Server thread/INFO]: SweetBerry Growth Modifier: 100%
[23:01:10] [Server thread/INFO]: Kelp Growth Modifier: 100%
[23:01:10] [Server thread/INFO]: TwistingVines Growth Modifier: 100%
[23:01:10] [Server thread/INFO]: WeepingVines Growth Modifier: 100%
[23:01:10] [Server thread/INFO]: CaveVines Growth Modifier: 100%
[23:01:10] [Server thread/INFO]: Entity Activation Range: An 32 / Mo 32 / Ra 48 / Mi 16 / Tiv true / Isa false
[23:01:10] [Server thread/INFO]: Hopper Transfer: 8 Hopper Check: 1 Hopper Amount: 1 Hopper Can Load Chunks: false
[23:01:10] [Server thread/INFO]: Custom Map Seeds:  Village: 10387312 Desert: 14357617 Igloo: 14357618 Jungle: 14357619 Swamp: 14357620 Monument: 10387313 Ocean: 14357621 Shipwreck: 165745295 End City: 10387313 Slime: 987234911 Nether: 30084232 Mansion: 10387319 Fossil: 14357921 Portal: 34222645
[23:01:10] [Server thread/INFO]: Entity Tracking Range: Pl 48 / An 48 / Mo 48 / Mi 32 / Other 64
[23:01:10] [Server thread/INFO]: Max TNT Explosions: 100
[23:01:10] [Server thread/INFO]: Tile Max Tick Time: 50ms Entity max Tick Time: 50ms
[23:01:10] [Server thread/INFO]: Item Despawn Rate: 6000
[23:01:10] [Server thread/INFO]: Item Merge Radius: 2.5
[23:01:10] [Server thread/INFO]: View Distance: 10
[23:01:10] [Server thread/INFO]: Simulation Distance: 10
[23:01:10] [Server thread/INFO]: Arrow Despawn Rate: 1200 Trident Respawn Rate:1200
[23:01:10] [Server thread/INFO]: Allow Zombie Pigmen to spawn from portal blocks: true
[23:01:10] [Server thread/INFO]: Nerfing mobs spawned from spawners: false
[23:01:10] [Server thread/INFO]: Zombie Aggressive Towards Villager: true
[23:01:10] [Server thread/INFO]: Preparing start region for dimension minecraft:overworld
[23:01:14] [Worker-Main-5/INFO]: Preparing spawn area: 0%
[23:01:14] [Worker-Main-5/INFO]: Preparing spawn area: 0%
[23:01:14] [Worker-Main-4/INFO]: Preparing spawn area: 0%
[23:01:14] [Worker-Main-5/INFO]: Preparing spawn area: 0%
[23:01:14] [Worker-Main-4/INFO]: Preparing spawn area: 0%
[23:01:14] [Worker-Main-4/INFO]: Preparing spawn area: 0%
[23:01:14] [Worker-Main-5/INFO]: Preparing spawn area: 0%
[23:01:14] [Worker-Main-4/INFO]: Preparing spawn area: 0%
[23:01:14] [Worker-Main-3/INFO]: Preparing spawn area: 0%
[23:01:14] [Worker-Main-4/INFO]: Preparing spawn area: 27%
[23:01:15] [Server thread/INFO]: Time elapsed: 4951 ms
[23:01:15] [Server thread/INFO]: Preparing start region for dimension minecraft:the_nether
[23:01:18] [Worker-Main-11/INFO]: Preparing spawn area: 0%
[23:01:18] [Worker-Main-6/INFO]: Preparing spawn area: 0%
[23:01:18] [Worker-Main-6/INFO]: Preparing spawn area: 0%
[23:01:18] [Worker-Main-11/INFO]: Preparing spawn area: 0%
[23:01:18] [Worker-Main-3/INFO]: Preparing spawn area: 0%
[23:01:18] [Worker-Main-10/INFO]: Preparing spawn area: 0%
[23:01:18] [Worker-Main-2/INFO]: Preparing spawn area: 16%
[23:01:18] [Server thread/INFO]: Time elapsed: 3370 ms
[23:01:18] [Server thread/INFO]: Preparing start region for dimension minecraft:the_end
[23:01:20] [Worker-Main-10/INFO]: Preparing spawn area: 0%
[23:01:20] [Worker-Main-11/INFO]: Preparing spawn area: 0%
[23:01:20] [Worker-Main-7/INFO]: Preparing spawn area: 0%
[23:01:20] [Worker-Main-7/INFO]: Preparing spawn area: 0%
[23:01:20] [Worker-Main-10/INFO]: Preparing spawn area: 0%
[23:01:21] [Worker-Main-1/INFO]: Preparing spawn area: 71%
[23:01:21] [Server thread/INFO]: Time elapsed: 2615 ms
[23:01:21] [Server thread/INFO]: [SimpleTpa] Enabling SimpleTpa v6.1
[23:01:21] [Server thread/INFO]: [0;33;1m[21m[SimpleTpa] If you need support contact me at https://discord.gg/SZUkza9[m
[23:01:21] [Server thread/INFO]: [0;33;1m[21m[SimpleTpa] Simple Tpa has been enabled on version 6.1[m
[23:01:21] [Server thread/INFO]: Enabled metrics. You may opt-out by changing plugins/bStats/config.yml
[23:01:21] [Server thread/INFO]: [Slimefun] Enabling Slimefun vDEV - 1048 (git 157fe449)
[23:01:21] [Server thread/INFO]: [Slimefun] ====================================================
[23:01:21] [Server thread/INFO]: [Slimefun]  Slimefun works better if you use Paper 
[23:01:21] [Server thread/INFO]: [Slimefun]  as your server software. 
[23:01:21] [Server thread/INFO]: [Slimefun] ====================================================
[23:01:21] [Server thread/INFO]: [Slimefun] Creating directories...
[23:01:21] [Server thread/INFO]: [Slimefun] Loading language files...
[23:01:21] [Server thread/INFO]: [Slimefun] Loaded language "en"
[23:01:21] [Server thread/INFO]: [Slimefun] Available languages: en, de, fr, it, es, ru, pl, uk, sv, nl, da, cs, ro, bg, pt, pt-BR, hu, lv, sk, vi, id, zh-CN, zh-TW, ja, ko, he, ar, tr, fa, th, tl
[23:01:21] [Server thread/INFO]: [Slimefun] Starting Auto-Updater...
[23:01:21] [Server thread/INFO]: [Slimefun] Loading GEO-Resources...
[23:01:22] [Server thread/INFO]: [Slimefun] Loading Tags...
[23:01:22] [Server thread/INFO]: [Slimefun] Loading items...
[23:01:22] [Server thread/INFO]: [Slimefun] Loading researches...
[23:01:22] [Server thread/INFO]: [Slimefun] Loading Wiki pages...
[23:01:22] [Server thread/INFO]: [Slimefun] Registering listeners...
[23:01:22] [Server thread/INFO]: [Slimefun] Loading Third-Party plugin integrations...
[23:01:22] [Server thread/INFO]: [Slimefun] Hooked into Plugin: WorldEdit v7.2.12+6240-87f4ae1
[23:01:22] [Server thread/INFO]: [Slimefun] Slimefun has finished loading in 1.51s
[23:01:22] [Server thread/INFO]: [WorldGuard] Enabling WorldGuard v7.0.7+216b061
[23:01:22] [Server thread/INFO]: [WorldGuard] (world) TNT ignition is PERMITTED.
[23:01:22] [Server thread/INFO]: [WorldGuard] (world) Lighters are PERMITTED.
[23:01:22] [Server thread/INFO]: [WorldGuard] (world) Lava fire is PERMITTED.
[23:01:22] [Server thread/INFO]: [WorldGuard] (world) Fire spread is UNRESTRICTED.
[23:01:22] [Server thread/INFO]: [WorldGuard] Loaded configuration for world 'world'
[23:01:22] [Server thread/INFO]: [WorldGuard] (world_nether) TNT ignition is PERMITTED.
[23:01:22] [Server thread/INFO]: [WorldGuard] (world_nether) Lighters are PERMITTED.
[23:01:22] [Server thread/INFO]: [WorldGuard] (world_nether) Lava fire is PERMITTED.
[23:01:22] [Server thread/INFO]: [WorldGuard] (world_nether) Fire spread is UNRESTRICTED.
[23:01:22] [Server thread/INFO]: [WorldGuard] Loaded configuration for world 'world_nether'
[23:01:22] [Server thread/INFO]: [WorldGuard] (world_the_end) TNT ignition is PERMITTED.
[23:01:22] [Server thread/INFO]: [WorldGuard] (world_the_end) Lighters are PERMITTED.
[23:01:22] [Server thread/INFO]: [WorldGuard] (world_the_end) Lava fire is PERMITTED.
[23:01:22] [Server thread/INFO]: [WorldGuard] (world_the_end) Fire spread is UNRESTRICTED.
[23:01:22] [Server thread/INFO]: [WorldGuard] Loaded configuration for world 'world_the_end'
[23:01:22] [Server thread/INFO]: [WorldGuard] Loading region data...
[23:01:23] [Server thread/INFO]: [CoreProtect] Enabling CoreProtect v21.2
[23:01:23] [Server thread/INFO]: [0;37;1m[0;37;1m[m[CoreProtect] CoreProtect has been successfully enabled![0;37;1m[0;37;1m [m
[23:01:23] [Server thread/INFO]: [CoreProtect] Using SQLite for data storage.
[23:01:23] [Server thread/INFO]: --------------------
[23:01:23] [Server thread/INFO]: [CoreProtect] Enjoy CoreProtect? Join our Discord!
[23:01:23] [Server thread/INFO]: [CoreProtect] Discord: www.coreprotect.net/discord/
[23:01:23] [Server thread/INFO]: --------------------
[23:01:23] [Server thread/INFO]: [MythicMobs] Enabling MythicMobs v5.2.1-fd1d0777
[23:01:23] [Server thread/INFO]: [MythicMobs] Loading MythicMobs for Spigot (MC: 1.19.3)...[0m
[23:01:23] [Server thread/INFO]: [MythicMobs] The server is running Spigot; disabled PaperSpigot exclusive functionality[0m
[23:01:23] [Server thread/INFO]: [MythicMobs] MythicMobs WorldGuard Support has been enabled![0m
[23:01:23] [Server thread/INFO]: [MythicMobs] Base directory C:\Users\drale\Documents\Minecraft Servers\minecraft-servers\spigot-1.19.3\plugins\MythicMobs\SavedData
[23:01:23] [Server thread/INFO]: [MythicMobs] Module directory C:\Users\drale\Documents\Minecraft Servers\minecraft-servers\spigot-1.19.3\plugins\MythicMobs\SavedData\worlds
[23:01:23] [Server thread/INFO]: [MythicMobs] [36mLOADED[0m
[23:01:24] [Server thread/INFO]: [MythicMobs] Loading Packs...[0m
[23:01:24] [Server thread/INFO]: [MythicMobs] Loading Items...[0m
[23:01:24] [Server thread/WARN]: [MythicMobs] Failed to parse Placeholder '13.5': Math and variables in numeric values require premium! Consider getting MythicMobs Premium at www.mythiccraft.io[0m[0m
[23:01:24] [Server thread/INFO]: [MythicMobs] Loading Item Groups...[0m
[23:01:24] [Server thread/INFO]: [MythicMobs] Loading Skills...[0m
[23:01:24] [Server thread/INFO]: [MythicMobs] Loading Drop Tables...[0m
[23:01:24] [Server thread/INFO]: [MythicMobs] Loading Random Spawns...[0m
[23:01:24] [Server thread/INFO]: [MythicMobs] Loading Spawn Blocks...[0m
[23:01:24] [Server thread/INFO]: [MythicMobs] [32m?[37m Loaded 48 mobs.[0m
[23:01:24] [Server thread/INFO]: [MythicMobs] [32m?[37m Loaded 3 vanilla mob overrides.[0m
[23:01:24] [Server thread/INFO]: [MythicMobs] [32m?[37m Loaded 0 mob stacks.[0m
[23:01:24] [Server thread/INFO]: [MythicMobs] [32m?[37m Loaded 134 skills.[0m
[23:01:24] [Server thread/INFO]: [MythicMobs] [32m?[37m Loaded 0 random spawns.[0m
[23:01:24] [Server thread/INFO]: [MythicMobs] [32m?[37m Loaded 26 mythic items.[0m
[23:01:24] [Server thread/INFO]: [MythicMobs] [32m?[37m Loaded 2 drop tables.[0m
[23:01:24] [Server thread/INFO]: [MythicMobs] [32m?[37m Loaded 78 mob spawners.[0m
[23:01:24] [Server thread/INFO]: [MythicMobs] MythicMobs configuration file loaded successfully.[0m
[23:01:24] [Server thread/ERROR]: [MythicMobs] Plugin MythicMobs v5.2.1-fd1d0777 has failed to register events for class io.lumine.mythic.bukkit.adapters.BukkitSkillTriggers because com/destroystokyo/paper/event/entity/CreeperIgniteEvent does not exist.
[23:01:24] [Server thread/INFO]: [MythicMobs] Started up bStats Metrics[0m
[23:01:24] [Server thread/INFO]: [MythicMobs] [32m? MythicMobs v5.2.1 ( build fd1d0777 ) has been successfully loaded![0m[0m
[23:01:24] [Server thread/INFO]: [DeadlyDisasters] Enabling DeadlyDisasters v10.3
[23:01:24] [Server thread/INFO]: [DeadlyDisasters] Successfully hooked into World Guard
[23:01:24] [Server thread/INFO]: [DeadlyDisasters] Successfully hooked into CoreProtect
[23:01:24] [Server thread/INFO]: [DeadlyDisasters] Checking for update...
[23:01:24] [Server thread/INFO]: [0;33;22m[21m[DeadlyDisasters]: [0;32;1mEnjoying the plugin? Try the pro version which has many new features such as new [0;35;1mnew disasters, new custom mobs, new custom items, regenerating worlds, block stability for bases, and much more [0;32;1mupgrade now to pro here https://www.spigotmc.org/resources/deadlydisasters-pro.100918/[m
[23:01:24] [Server thread/INFO]: [DeadChest] Enabling DeadChest v4.12.1
[23:01:24] [Server thread/INFO]: [EliteMobs] Enabling EliteMobs v8.4.1
[23:01:24] [Server thread/INFO]:  _____ _     _____ _____ ________  ______________  _____
[23:01:24] [Server thread/INFO]: |  ___| |   |_   _|_   _|  ___|  \/  |  _  | ___ \/  ___|
[23:01:24] [Server thread/INFO]: | |__ | |     | |   | | | |__ | .  . | | | | |_/ /\ `--.
[23:01:24] [Server thread/INFO]: |  __|| |     | |   | | |  __|| |\/| | | | | ___ \ `--. \
[23:01:24] [Server thread/INFO]: | |___| |_____| |_  | | | |___| |  | \ \_/ / |_/ //\__/ /
[23:01:24] [Server thread/INFO]: \____/\_____/\___/  \_/ \____/\_|  |_/\___/\____/ \____/
[23:01:24] [Server thread/INFO]: By MagmaGuy - v. 8.4.1
[23:01:24] [Server thread/INFO]: [EliteMobs] Other boss mob plugins have been detected, high compatibility mode will be used!
